TN:
SF:script/DeployDSC.s.sol
FN:13,DeployDSC.run
FNDA:6,DeployDSC.run
DA:15,6
DA:17,6
DA:18,6
DA:20,6
DA:21,6
DA:23,6
DA:24,6
DA:25,6
DA:28,6
DA:29,6
DA:30,6
FNF:1
FNH:1
LF:11
LH:11
BRF:0
BRH:0
end_of_record
TN:
SF:script/HelperConfig.s.sol
FN:36,HelperConfig.getSepoliaEthConfig
FNDA:0,HelperConfig.getSepoliaEthConfig
DA:38,0
DA:45,0
FN:48,HelperConfig.getOrCreateAnvilEthConfig
FNDA:0,HelperConfig.getOrCreateAnvilEthConfig
DA:49,0
BRDA:49,0,0,-
BRDA:49,0,1,-
DA:50,0
DA:53,0
DA:54,0
DA:55,0
DA:57,0
DA:58,0
DA:59,0
DA:61,0
FNF:2
FNH:0
LF:11
LH:0
BRF:2
BRH:0
end_of_record
TN:
SF:src/DSCEngine.sol
FN:128,DSCEngine.depositCollateralAndMintDsc
FNDA:0,DSCEngine.depositCollateralAndMintDsc
DA:133,0
DA:134,0
FN:142,DSCEngine.depositCollateral
FNDA:3,DSCEngine.depositCollateral
DA:148,1
DA:149,1
DA:150,1
DA:151,1
BRDA:151,0,0,-
BRDA:151,0,1,1
FN:160,DSCEngine.redeemCollateralForDsc
FNDA:0,DSCEngine.redeemCollateralForDsc
DA:164,0
DA:165,0
FN:178,DSCEngine.redeemCollateral
FNDA:0,DSCEngine.redeemCollateral
DA:183,0
DA:184,0
FN:191,DSCEngine.mintDsc
FNDA:0,DSCEngine.mintDsc
DA:192,0
DA:193,0
DA:195,0
DA:196,0
BRDA:196,1,0,-
BRDA:196,1,1,-
FN:200,DSCEngine.burnDsc
FNDA:0,DSCEngine.burnDsc
DA:201,0
DA:203,0
FN:219,DSCEngine.liquidate
FNDA:0,DSCEngine.liquidate
DA:227,0
DA:228,0
BRDA:228,2,0,-
BRDA:228,2,1,-
DA:229,0
DA:236,0
DA:239,0
DA:240,0
DA:241,0
DA:243,0
DA:246,0
DA:247,0
BRDA:247,3,0,-
BRDA:247,3,1,-
DA:248,0
DA:250,0
FN:253,DSCEngine.getHealthFactor
FNDA:0,DSCEngine.getHealthFactor
FN:262,DSCEngine._burnDsc
FNDA:0,DSCEngine._burnDsc
DA:263,0
DA:264,0
DA:265,0
BRDA:265,4,0,-
BRDA:265,4,1,-
DA:266,0
DA:268,0
FN:271,DSCEngine._redeemCollateral
FNDA:0,DSCEngine._redeemCollateral
DA:274,0
DA:275,0
DA:277,0
DA:278,0
BRDA:278,5,0,-
BRDA:278,5,1,-
DA:279,0
FN:283,DSCEngine._getAccountInformation
FNDA:1,DSCEngine._getAccountInformation
DA:288,1
DA:289,1
FN:292,DSCEngine._healthFactor
FNDA:0,DSCEngine._healthFactor
DA:295,0
DA:299,0
DA:303,0
FN:307,DSCEngine._revertIfHealthFactorIsBroken
FNDA:0,DSCEngine._revertIfHealthFactorIsBroken
DA:308,0
DA:309,0
BRDA:309,6,0,-
BRDA:309,6,1,-
DA:310,0
FN:316,DSCEngine.getTokenAmountFromUsd
FNDA:2,DSCEngine.getTokenAmountFromUsd
DA:317,2
DA:318,2
DA:327,2
FN:330,DSCEngine.getAccountCollateralValue
FNDA:0,DSCEngine.getAccountCollateralValue
DA:333,1
DA:334,2
DA:335,2
DA:336,2
DA:338,0
FN:341,DSCEngine.getUsdValue
FNDA:1,DSCEngine.getUsdValue
DA:343,3
DA:344,3
DA:348,3
FN:351,DSCEngine.getAccountInformation
FNDA:1,DSCEngine.getAccountInformation
DA:356,1
FNF:17
FNH:5
LF:58
LH:17
BRF:14
BRH:1
end_of_record
TN:
SF:src/DecentralizedStableCoin.sol
FN:45,DecentralizedStableCoin.burn
FNDA:0,DecentralizedStableCoin.burn
DA:46,0
DA:47,0
BRDA:47,0,0,-
BRDA:47,0,1,-
DA:48,0
DA:50,0
BRDA:50,1,0,-
BRDA:50,1,1,-
DA:51,0
DA:53,0
FN:56,DecentralizedStableCoin.mint
FNDA:0,DecentralizedStableCoin.mint
DA:57,0
BRDA:57,2,0,-
BRDA:57,2,1,-
DA:58,0
DA:60,0
BRDA:60,3,0,-
BRDA:60,3,1,-
DA:61,0
DA:63,0
DA:64,0
FNF:2
FNH:0
LF:12
LH:0
BRF:8
BRH:0
end_of_record
TN:
SF:test/mocks/MockV3Aggregator.sol
FN:29,MockV3Aggregator.updateAnswer
FNDA:0,MockV3Aggregator.updateAnswer
DA:30,0
DA:31,0
DA:32,0
DA:33,0
DA:34,0
DA:35,0
FN:38,MockV3Aggregator.updateRoundData
FNDA:0,MockV3Aggregator.updateRoundData
DA:39,0
DA:40,0
DA:41,0
DA:42,0
DA:43,0
DA:44,0
FN:47,MockV3Aggregator.getRoundData
FNDA:0,MockV3Aggregator.getRoundData
DA:52,0
FN:55,MockV3Aggregator.latestRoundData
FNDA:5,MockV3Aggregator.latestRoundData
DA:60,5
FN:69,MockV3Aggregator.description
FNDA:0,MockV3Aggregator.description
DA:70,0
FNF:5
FNH:1
LF:15
LH:1
BRF:0
BRH:0
end_of_record
